\BOOKMARK [-1][-]{part.1}{Algorithms}{}% 1
\BOOKMARK [0][-]{chapter.1}{Quantum Hamiltonian Learning}{part.1}% 2
\BOOKMARK [1][-]{section.1.1}{Sequential Monte Carlo}{chapter.1}% 3
\BOOKMARK [1][-]{section.1.2}{Likelihood}{chapter.1}% 4
\BOOKMARK [2][-]{subsection.1.2.1}{Interactive Quantum Likelihood Estimation}{section.1.2}% 5
\BOOKMARK [2][-]{subsection.1.2.2}{Analytical likelihood}{section.1.2}% 6
\BOOKMARK [1][-]{section.1.3}{Total log total likelihood}{chapter.1}% 7
\BOOKMARK [1][-]{section.1.4}{Parameter estimation}{chapter.1}% 8
\BOOKMARK [1][-]{section.1.5}{Experiment design heuristic}{chapter.1}% 9
\BOOKMARK [2][-]{subsection.1.5.1}{Particle Guess Heuristic}{section.1.5}% 10
\BOOKMARK [2][-]{subsection.1.5.2}{Alternative experiment design heuristics}{section.1.5}% 11
\BOOKMARK [1][-]{section.1.6}{Probe selection}{chapter.1}% 12
\BOOKMARK [0][-]{chapter.2}{Quantum Model Learning Agent}{part.1}% 13
\BOOKMARK [1][-]{section.2.1}{Models}{chapter.2}% 14
\BOOKMARK [1][-]{section.2.2}{Bayes factors}{chapter.2}% 15
\BOOKMARK [2][-]{subsection.2.2.1}{Experiment sets}{section.2.2}% 16
\BOOKMARK [1][-]{section.2.3}{Quantum Model Learning Agent Protocol}{chapter.2}% 17
\BOOKMARK [1][-]{section.2.4}{Exploration Strategies}{chapter.2}% 18
\BOOKMARK [2][-]{subsection.2.4.1}{Model generation}{section.2.4}% 19
\BOOKMARK [2][-]{subsection.2.4.2}{Decision criteria for the model search phase}{section.2.4}% 20
\BOOKMARK [2][-]{subsection.2.4.3}{True model specification}{section.2.4}% 21
\BOOKMARK [2][-]{subsection.2.4.4}{Modular functionality}{section.2.4}% 22
\BOOKMARK [2][-]{subsection.2.4.5}{Exploration strategy examples}{section.2.4}% 23
\BOOKMARK [1][-]{section.2.5}{Generality}{chapter.2}% 24
\BOOKMARK [2][-]{subsection.2.5.1}{Agency}{section.2.5}% 25
\BOOKMARK [1][-]{section.2.6}{Algorithms}{chapter.2}% 26
\BOOKMARK [0][-]{chapter.3}{Software}{part.1}% 27
\BOOKMARK [1][-]{section.3.1}{Implementation}{chapter.3}% 28
\BOOKMARK [2][-]{subsection.3.1.1}{Object oriented programming}{section.3.1}% 29
\BOOKMARK [1][-]{section.3.2}{Python framework}{chapter.3}% 30
\BOOKMARK [2][-]{subsection.3.2.1}{Application}{section.3.2}% 31
\BOOKMARK [2][-]{subsection.3.2.2}{Algorithm}{section.3.2}% 32
\BOOKMARK [2][-]{subsection.3.2.3}{Infrastructure}{section.3.2}% 33
\BOOKMARK [2][-]{subsection.3.2.4}{Analyses and plots}{section.3.2}% 34
\BOOKMARK [1][-]{section.3.3}{Usage}{chapter.3}% 35
